# JRE version: Java(TM) SE Runtime Environment (17.0.9+11) (build 17.0.9+11-LTS-201)
# Java VM: Java HotSpot(TM) 64-Bit Server VM (17.0.9+11-LTS-201, mixed mode, sharing, tiered, compressed oops, compressed class ptrs, g1 gc, windows-amd64)
GC Precious Log:
 CPUs: 8 total, 8 available
 Memory: 8000M
 Large Page Support: Disabled
 NUMA Support: Disabled
 Compressed Oops: Enabled (32-bit)
 Heap Region Size: 1M
 Heap Min Capacity: 8M
 Heap Initial Capacity: 126M
 Heap Max Capacity: 2002M
 Pre-touch: Disabled
 Parallel Workers: 8
 Concurrent Workers: 2
 Concurrent Refinement Workers: 8
 Periodic GC: Disabled
Heap:
 garbage-first heap   total 66560K, used 51163K [0x0000000082e00000, 0x0000000100000000)
  region size 1024K, 21 young (21504K), 2 survivors (2048K)
 Metaspace       used 75378K, committed 76032K, reserved 1179648K
  class space    used 9985K, committed 10304K, reserved 1048576K
GC Heap History (20 events):
Event: 6.505 GC heap before
{Heap before GC invocations=9 (full 0):
 garbage-first heap   total 55296K, used 40988K [0x0000000082e00000, 0x0000000100000000)
  region size 1024K, 22 young (22528K), 3 survivors (3072K)
 Metaspace       used 49472K, committed 49920K, reserved 1114112K
  class space    used 6521K, committed 6720K, reserved 1048576K
}
Event: 6.509 GC heap after
{Heap after GC invocations=10 (full 0):
 garbage-first heap   total 55296K, used 23051K [0x0000000082e00000, 0x0000000100000000)
  region size 1024K, 2 young (2048K), 2 survivors (2048K)
 Metaspace       used 49472K, committed 49920K, reserved 1114112K
  class space    used 6521K, committed 6720K, reserved 1048576K
}
Event: 6.908 GC heap before
{Heap before GC invocations=10 (full 0):
 garbage-first heap   total 55296K, used 41483K [0x0000000082e00000, 0x0000000100000000)
  region size 1024K, 20 young (20480K), 2 survivors (2048K)
 Metaspace       used 53580K, committed 54016K, reserved 1114112K
  class space    used 7164K, committed 7360K, reserved 1048576K
}
Event: 6.912 GC heap after
{Heap after GC invocations=11 (full 0):
 garbage-first heap   total 55296K, used 23607K [0x0000000082e00000, 0x0000000100000000)
  region size 1024K, 3 young (3072K), 3 survivors (3072K)
 Metaspace       used 53580K, committed 54016K, reserved 1114112K
  class space    used 7164K, committed 7360K, reserved 1048576K
}
Event: 7.285 GC heap before
{Heap before GC invocations=11 (full 0):
 garbage-first heap   total 55296K, used 42039K [0x0000000082e00000, 0x0000000100000000)
  region size 1024K, 21 young (21504K), 3 survivors (3072K)
 Metaspace       used 57217K, committed 57664K, reserved 1114112K
  class space    used 7681K, committed 7872K, reserved 1048576K
}
Event: 7.287 GC heap after
{Heap after GC invocations=12 (full 0):
 garbage-first heap   total 55296K, used 24504K [0x0000000082e00000, 0x0000000100000000)
  region size 1024K, 2 young (2048K), 2 survivors (2048K)
 Metaspace       used 57217K, committed 57664K, reserved 1114112K
  class space    used 7681K, committed 7872K, reserved 1048576K
}
Event: 7.602 GC heap before
{Heap before GC invocations=12 (full 0):
 garbage-first heap   total 55296K, used 36792K [0x0000000082e00000, 0x0000000100000000)
  region size 1024K, 15 young (15360K), 2 survivors (2048K)
 Metaspace       used 59619K, committed 60096K, reserved 1114112K
  class space    used 7957K, committed 8192K, reserved 1048576K
}
Event: 7.606 GC heap after
{Heap after GC invocations=13 (full 0):
 garbage-first heap   total 55296K, used 25665K [0x0000000082e00000, 0x0000000100000000)
  region size 1024K, 3 young (3072K), 3 survivors (3072K)
 Metaspace       used 59619K, committed 60096K, reserved 1114112K
  class space    used 7957K, committed 8192K, reserved 1048576K
}
Event: 7.854 GC heap before
{Heap before GC invocations=14 (full 0):
 garbage-first heap   total 55296K, used 42049K [0x0000000082e00000, 0x0000000100000000)
  region size 1024K, 20 young (20480K), 3 survivors (3072K)
 Metaspace       used 60580K, committed 61120K, reserved 1114112K
  class space    used 8173K, committed 8448K, reserved 1048576K
}
Event: 7.858 GC heap after
{Heap after GC invocations=15 (full 0):
 garbage-first heap   total 55296K, used 26454K [0x0000000082e00000, 0x0000000100000000)
  region size 1024K, 3 young (3072K), 3 survivors (3072K)
 Metaspace       used 60580K, committed 61120K, reserved 1114112K
  class space    used 8173K, committed 8448K, reserved 1048576K
}
Event: 7.976 GC heap before
{Heap before GC invocations=15 (full 0):
 garbage-first heap   total 55296K, used 42838K [0x0000000082e00000, 0x0000000100000000)
  region size 1024K, 19 young (19456K), 3 survivors (3072K)
 Metaspace       used 60876K, committed 61376K, reserved 1114112K
  class space    used 8203K, committed 8448K, reserved 1048576K
}
Event: 7.979 GC heap after
{Heap after GC invocations=16 (full 0):
 garbage-first heap   total 66560K, used 26822K [0x0000000082e00000, 0x0000000100000000)
  region size 1024K, 2 young (2048K), 2 survivors (2048K)
 Metaspace       used 60876K, committed 61376K, reserved 1114112K
  class space    used 8203K, committed 8448K, reserved 1048576K
}
Event: 8.126 GC heap before
{Heap before GC invocations=17 (full 0):
 garbage-first heap   total 66560K, used 52422K [0x0000000082e00000, 0x0000000100000000)
  region size 1024K, 27 young (27648K), 2 survivors (2048K)
 Metaspace       used 61137K, committed 61760K, reserved 1114112K
  class space    used 8233K, committed 8512K, reserved 1048576K
}
Event: 8.128 GC heap after
{Heap after GC invocations=18 (full 0):
 garbage-first heap   total 66560K, used 27291K [0x0000000082e00000, 0x0000000100000000)
  region size 1024K, 2 young (2048K), 2 survivors (2048K)
 Metaspace       used 61137K, committed 61760K, reserved 1114112K
  class space    used 8233K, committed 8512K, reserved 1048576K
}
Event: 8.885 GC heap before
{Heap before GC invocations=18 (full 0):
 garbage-first heap   total 66560K, used 51867K [0x0000000082e00000, 0x0000000100000000)
  region size 1024K, 27 young (27648K), 2 survivors (2048K)
 Metaspace       used 64004K, committed 64576K, reserved 1114112K
  class space    used 8614K, committed 8896K, reserved 1048576K
}
Event: 8.890 GC heap after
{Heap after GC invocations=19 (full 0):
 garbage-first heap   total 66560K, used 29741K [0x0000000082e00000, 0x0000000100000000)
  region size 1024K, 4 young (4096K), 4 survivors (4096K)
 Metaspace       used 64004K, committed 64576K, reserved 1114112K
  class space    used 8614K, committed 8896K, reserved 1048576K
}
Event: 15.619 GC heap before
{Heap before GC invocations=19 (full 0):
 garbage-first heap   total 66560K, used 53293K [0x0000000082e00000, 0x0000000100000000)
  region size 1024K, 27 young (27648K), 4 survivors (4096K)
 Metaspace       used 69636K, committed 70208K, reserved 1114112K
  class space    used 9407K, committed 9664K, reserved 1048576K
}
Event: 15.624 GC heap after
{Heap after GC invocations=20 (full 0):
 garbage-first heap   total 66560K, used 31960K [0x0000000082e00000, 0x0000000100000000)
  region size 1024K, 3 young (3072K), 3 survivors (3072K)
 Metaspace       used 69636K, committed 70208K, reserved 1114112K
  class space    used 9407K, committed 9664K, reserved 1048576K
}
Event: 23.875 GC heap before
{Heap before GC invocations=20 (full 0):
 garbage-first heap   total 66560K, used 51416K [0x0000000082e00000, 0x0000000100000000)
  region size 1024K, 23 young (23552K), 3 survivors (3072K)
 Metaspace       used 73437K, committed 74048K, reserved 1114112K
  class space    used 9827K, committed 10112K, reserved 1048576K
}
Event: 23.879 GC heap after
{Heap after GC invocations=21 (full 0):
 garbage-first heap   total 66560K, used 33755K [0x0000000082e00000, 0x0000000100000000)
  region size 1024K, 2 young (2048K), 2 survivors (2048K)
 Metaspace       used 73437K, committed 74048K, reserved 1114112K
  class space    used 9827K, committed 10112K, reserved 1048576K
}

