# JRE version: Java(TM) SE Runtime Environment (17.0.9+11) (build 17.0.9+11-LTS-201)
# Java VM: Java HotSpot(TM) 64-Bit Server VM (17.0.9+11-LTS-201, mixed mode, sharing, tiered, compressed oops, compressed class ptrs, g1 gc, windows-amd64)
GC Precious Log:
 CPUs: 8 total, 8 available
 Memory: 8000M
 Large Page Support: Disabled
 NUMA Support: Disabled
 Compressed Oops: Enabled (32-bit)
 Heap Region Size: 1M
 Heap Min Capacity: 8M
 Heap Initial Capacity: 126M
 Heap Max Capacity: 2002M
 Pre-touch: Disabled
 Parallel Workers: 8
 Concurrent Workers: 2
 Concurrent Refinement Workers: 8
 Periodic GC: Disabled
Heap:
 garbage-first heap   total 66560K, used 50059K [0x0000000082e00000, 0x0000000100000000)
  region size 1024K, 19 young (19456K), 2 survivors (2048K)
 Metaspace       used 75364K, committed 75968K, reserved 1179648K
  class space    used 9986K, committed 10304K, reserved 1048576K
GC Heap History (20 events):
Event: 5.508 GC heap before
{Heap before GC invocations=9 (full 0):
 garbage-first heap   total 55296K, used 40749K [0x0000000082e00000, 0x0000000100000000)
  region size 1024K, 22 young (22528K), 3 survivors (3072K)
 Metaspace       used 49410K, committed 49792K, reserved 1114112K
  class space    used 6504K, committed 6656K, reserved 1048576K
}
Event: 5.511 GC heap after
{Heap after GC invocations=10 (full 0):
 garbage-first heap   total 55296K, used 22693K [0x0000000082e00000, 0x0000000100000000)
  region size 1024K, 2 young (2048K), 2 survivors (2048K)
 Metaspace       used 49410K, committed 49792K, reserved 1114112K
  class space    used 6504K, committed 6656K, reserved 1048576K
}
Event: 5.913 GC heap before
{Heap before GC invocations=10 (full 0):
 garbage-first heap   total 55296K, used 40101K [0x0000000082e00000, 0x0000000100000000)
  region size 1024K, 20 young (20480K), 2 survivors (2048K)
 Metaspace       used 53555K, committed 54016K, reserved 1114112K
  class space    used 7163K, committed 7360K, reserved 1048576K
}
Event: 5.915 GC heap after
{Heap after GC invocations=11 (full 0):
 garbage-first heap   total 55296K, used 23348K [0x0000000082e00000, 0x0000000100000000)
  region size 1024K, 3 young (3072K), 3 survivors (3072K)
 Metaspace       used 53555K, committed 54016K, reserved 1114112K
  class space    used 7163K, committed 7360K, reserved 1048576K
}
Event: 6.257 GC heap before
{Heap before GC invocations=11 (full 0):
 garbage-first heap   total 55296K, used 41780K [0x0000000082e00000, 0x0000000100000000)
  region size 1024K, 21 young (21504K), 3 survivors (3072K)
 Metaspace       used 57171K, committed 57664K, reserved 1114112K
  class space    used 7680K, committed 7872K, reserved 1048576K
}
Event: 6.260 GC heap after
{Heap after GC invocations=12 (full 0):
 garbage-first heap   total 55296K, used 24271K [0x0000000082e00000, 0x0000000100000000)
  region size 1024K, 2 young (2048K), 2 survivors (2048K)
 Metaspace       used 57171K, committed 57664K, reserved 1114112K
  class space    used 7680K, committed 7872K, reserved 1048576K
}
Event: 6.606 GC heap before
{Heap before GC invocations=12 (full 0):
 garbage-first heap   total 55296K, used 36559K [0x0000000082e00000, 0x0000000100000000)
  region size 1024K, 15 young (15360K), 2 survivors (2048K)
 Metaspace       used 59659K, committed 60160K, reserved 1114112K
  class space    used 7968K, committed 8256K, reserved 1048576K
}
Event: 6.611 GC heap after
{Heap after GC invocations=13 (full 0):
 garbage-first heap   total 55296K, used 25498K [0x0000000082e00000, 0x0000000100000000)
  region size 1024K, 3 young (3072K), 3 survivors (3072K)
 Metaspace       used 59659K, committed 60160K, reserved 1114112K
  class space    used 7968K, committed 8256K, reserved 1048576K
}
Event: 6.852 GC heap before
{Heap before GC invocations=14 (full 0):
 garbage-first heap   total 55296K, used 42906K [0x0000000082e00000, 0x0000000100000000)
  region size 1024K, 20 young (20480K), 3 survivors (3072K)
 Metaspace       used 60585K, committed 61120K, reserved 1114112K
  class space    used 8181K, committed 8448K, reserved 1048576K
}
Event: 6.855 GC heap after
{Heap after GC invocations=15 (full 0):
 garbage-first heap   total 55296K, used 26138K [0x0000000082e00000, 0x0000000100000000)
  region size 1024K, 3 young (3072K), 3 survivors (3072K)
 Metaspace       used 60585K, committed 61120K, reserved 1114112K
  class space    used 8181K, committed 8448K, reserved 1048576K
}
Event: 6.962 GC heap before
{Heap before GC invocations=15 (full 0):
 garbage-first heap   total 55296K, used 42522K [0x0000000082e00000, 0x0000000100000000)
  region size 1024K, 19 young (19456K), 3 survivors (3072K)
 Metaspace       used 60851K, committed 61312K, reserved 1114112K
  class space    used 8205K, committed 8448K, reserved 1048576K
}
Event: 6.965 GC heap after
{Heap after GC invocations=16 (full 0):
 garbage-first heap   total 66560K, used 26730K [0x0000000082e00000, 0x0000000100000000)
  region size 1024K, 2 young (2048K), 2 survivors (2048K)
 Metaspace       used 60851K, committed 61312K, reserved 1114112K
  class space    used 8205K, committed 8448K, reserved 1048576K
}
Event: 7.112 GC heap before
{Heap before GC invocations=17 (full 0):
 garbage-first heap   total 66560K, used 52330K [0x0000000082e00000, 0x0000000100000000)
  region size 1024K, 27 young (27648K), 2 survivors (2048K)
 Metaspace       used 61121K, committed 61696K, reserved 1114112K
  class space    used 8234K, committed 8512K, reserved 1048576K
}
Event: 7.115 GC heap after
{Heap after GC invocations=18 (full 0):
 garbage-first heap   total 66560K, used 27380K [0x0000000082e00000, 0x0000000100000000)
  region size 1024K, 2 young (2048K), 2 survivors (2048K)
 Metaspace       used 61121K, committed 61696K, reserved 1114112K
  class space    used 8234K, committed 8512K, reserved 1048576K
}
Event: 7.711 GC heap before
{Heap before GC invocations=18 (full 0):
 garbage-first heap   total 66560K, used 51956K [0x0000000082e00000, 0x0000000100000000)
  region size 1024K, 27 young (27648K), 2 survivors (2048K)
 Metaspace       used 63998K, committed 64512K, reserved 1114112K
  class space    used 8617K, committed 8896K, reserved 1048576K
}
Event: 7.715 GC heap after
{Heap after GC invocations=19 (full 0):
 garbage-first heap   total 66560K, used 29670K [0x0000000082e00000, 0x0000000100000000)
  region size 1024K, 4 young (4096K), 4 survivors (4096K)
 Metaspace       used 63998K, committed 64512K, reserved 1114112K
  class space    used 8617K, committed 8896K, reserved 1048576K
}
Event: 12.523 GC heap before
{Heap before GC invocations=19 (full 0):
 garbage-first heap   total 66560K, used 52198K [0x0000000082e00000, 0x0000000100000000)
  region size 1024K, 27 young (27648K), 4 survivors (4096K)
 Metaspace       used 69713K, committed 70336K, reserved 1114112K
  class space    used 9417K, committed 9728K, reserved 1048576K
}
Event: 12.529 GC heap after
{Heap after GC invocations=20 (full 0):
 garbage-first heap   total 66560K, used 32244K [0x0000000082e00000, 0x0000000100000000)
  region size 1024K, 3 young (3072K), 3 survivors (3072K)
 Metaspace       used 69713K, committed 70336K, reserved 1114112K
  class space    used 9417K, committed 9728K, reserved 1048576K
}
Event: 31.648 GC heap before
{Heap before GC invocations=20 (full 0):
 garbage-first heap   total 66560K, used 51700K [0x0000000082e00000, 0x0000000100000000)
  region size 1024K, 23 young (23552K), 3 survivors (3072K)
 Metaspace       used 73663K, committed 74304K, reserved 1114112K
  class space    used 9854K, committed 10176K, reserved 1048576K
}
Event: 31.653 GC heap after
{Heap after GC invocations=21 (full 0):
 garbage-first heap   total 66560K, used 33675K [0x0000000082e00000, 0x0000000100000000)
  region size 1024K, 2 young (2048K), 2 survivors (2048K)
 Metaspace       used 73663K, committed 74304K, reserved 1114112K
  class space    used 9854K, committed 10176K, reserved 1048576K
}

