# JRE version: Java(TM) SE Runtime Environment (17.0.9+11) (build 17.0.9+11-LTS-201)
# Java VM: Java HotSpot(TM) 64-Bit Server VM (17.0.9+11-LTS-201, mixed mode, sharing, tiered, compressed oops, compressed class ptrs, g1 gc, windows-amd64)
GC Precious Log:
 CPUs: 8 total, 8 available
 Memory: 8000M
 Large Page Support: Disabled
 NUMA Support: Disabled
 Compressed Oops: Enabled (32-bit)
 Heap Region Size: 1M
 Heap Min Capacity: 8M
 Heap Initial Capacity: 126M
 Heap Max Capacity: 2002M
 Pre-touch: Disabled
 Parallel Workers: 8
 Concurrent Workers: 2
 Concurrent Refinement Workers: 8
 Periodic GC: Disabled
Heap:
 garbage-first heap   total 61440K, used 46723K [0x0000000082e00000, 0x0000000100000000)
  region size 1024K, 17 young (17408K), 2 survivors (2048K)
 Metaspace       used 75389K, committed 76032K, reserved 1179648K
  class space    used 9990K, committed 10304K, reserved 1048576K
GC Heap History (20 events):
Event: 6.488 GC heap before
{Heap before GC invocations=12 (full 0):
 garbage-first heap   total 51200K, used 39427K [0x0000000082e00000, 0x0000000100000000)
  region size 1024K, 20 young (20480K), 3 survivors (3072K)
 Metaspace       used 56029K, committed 56512K, reserved 1114112K
  class space    used 7509K, committed 7680K, reserved 1048576K
}
Event: 6.490 GC heap after
{Heap after GC invocations=13 (full 0):
 garbage-first heap   total 51200K, used 23668K [0x0000000082e00000, 0x0000000100000000)
  region size 1024K, 2 young (2048K), 2 survivors (2048K)
 Metaspace       used 56029K, committed 56512K, reserved 1114112K
  class space    used 7509K, committed 7680K, reserved 1048576K
}
Event: 6.927 GC heap before
{Heap before GC invocations=13 (full 0):
 garbage-first heap   total 51200K, used 40052K [0x0000000082e00000, 0x0000000100000000)
  region size 1024K, 19 young (19456K), 2 survivors (2048K)
 Metaspace       used 59553K, committed 60096K, reserved 1114112K
  class space    used 7956K, committed 8192K, reserved 1048576K
}
Event: 6.932 GC heap after
{Heap after GC invocations=14 (full 0):
 garbage-first heap   total 51200K, used 25259K [0x0000000082e00000, 0x0000000100000000)
  region size 1024K, 3 young (3072K), 3 survivors (3072K)
 Metaspace       used 59553K, committed 60096K, reserved 1114112K
  class space    used 7956K, committed 8192K, reserved 1048576K
}
Event: 6.937 GC heap before
{Heap before GC invocations=14 (full 0):
 garbage-first heap   total 51200K, used 25259K [0x0000000082e00000, 0x0000000100000000)
  region size 1024K, 4 young (4096K), 3 survivors (3072K)
 Metaspace       used 59615K, committed 60160K, reserved 1114112K
  class space    used 7962K, committed 8256K, reserved 1048576K
}
Event: 6.941 GC heap after
{Heap after GC invocations=15 (full 0):
 garbage-first heap   total 61440K, used 25427K [0x0000000082e00000, 0x0000000100000000)
  region size 1024K, 1 young (1024K), 1 survivors (1024K)
 Metaspace       used 59615K, committed 60160K, reserved 1114112K
  class space    used 7962K, committed 8256K, reserved 1048576K
}
Event: 7.276 GC heap before
{Heap before GC invocations=16 (full 0):
 garbage-first heap   total 61440K, used 48979K [0x0000000082e00000, 0x0000000100000000)
  region size 1024K, 24 young (24576K), 1 survivors (1024K)
 Metaspace       used 60837K, committed 61376K, reserved 1114112K
  class space    used 8204K, committed 8448K, reserved 1048576K
}
Event: 7.278 GC heap after
{Heap after GC invocations=17 (full 0):
 garbage-first heap   total 61440K, used 26086K [0x0000000082e00000, 0x0000000100000000)
  region size 1024K, 1 young (1024K), 1 survivors (1024K)
 Metaspace       used 60837K, committed 61376K, reserved 1114112K
  class space    used 8204K, committed 8448K, reserved 1048576K
}
Event: 7.292 GC heap before
{Heap before GC invocations=17 (full 0):
 garbage-first heap   total 61440K, used 28134K [0x0000000082e00000, 0x0000000100000000)
  region size 1024K, 3 young (3072K), 1 survivors (1024K)
 Metaspace       used 60846K, committed 61376K, reserved 1114112K
  class space    used 8204K, committed 8448K, reserved 1048576K
}
Event: 7.295 GC heap after
{Heap after GC invocations=18 (full 0):
 garbage-first heap   total 61440K, used 25955K [0x0000000082e00000, 0x0000000100000000)
  region size 1024K, 1 young (1024K), 1 survivors (1024K)
 Metaspace       used 60846K, committed 61376K, reserved 1114112K
  class space    used 8204K, committed 8448K, reserved 1048576K
}
Event: 7.416 GC heap before
{Heap before GC invocations=18 (full 0):
 garbage-first heap   total 61440K, used 48483K [0x0000000082e00000, 0x0000000100000000)
  region size 1024K, 23 young (23552K), 1 survivors (1024K)
 Metaspace       used 61075K, committed 61696K, reserved 1114112K
  class space    used 8230K, committed 8512K, reserved 1048576K
}
Event: 7.417 GC heap after
{Heap after GC invocations=19 (full 0):
 garbage-first heap   total 61440K, used 26326K [0x0000000082e00000, 0x0000000100000000)
  region size 1024K, 1 young (1024K), 1 survivors (1024K)
 Metaspace       used 61075K, committed 61696K, reserved 1114112K
  class space    used 8230K, committed 8512K, reserved 1048576K
}
Event: 7.760 GC heap before
{Heap before GC invocations=19 (full 0):
 garbage-first heap   total 61440K, used 49878K [0x0000000082e00000, 0x0000000100000000)
  region size 1024K, 24 young (24576K), 1 survivors (1024K)
 Metaspace       used 62508K, committed 63040K, reserved 1114112K
  class space    used 8406K, committed 8640K, reserved 1048576K
}
Event: 7.763 GC heap after
{Heap after GC invocations=20 (full 0):
 garbage-first heap   total 61440K, used 27798K [0x0000000082e00000, 0x0000000100000000)
  region size 1024K, 2 young (2048K), 2 survivors (2048K)
 Metaspace       used 62508K, committed 63040K, reserved 1114112K
  class space    used 8406K, committed 8640K, reserved 1048576K
}
Event: 13.618 GC heap before
{Heap before GC invocations=20 (full 0):
 garbage-first heap   total 61440K, used 50326K [0x0000000082e00000, 0x0000000100000000)
  region size 1024K, 24 young (24576K), 2 survivors (2048K)
 Metaspace       used 65903K, committed 66496K, reserved 1114112K
  class space    used 8857K, committed 9152K, reserved 1048576K
}
Event: 13.623 GC heap after
{Heap after GC invocations=21 (full 0):
 garbage-first heap   total 61440K, used 29579K [0x0000000082e00000, 0x0000000100000000)
  region size 1024K, 3 young (3072K), 3 survivors (3072K)
 Metaspace       used 65903K, committed 66496K, reserved 1114112K
  class space    used 8857K, committed 9152K, reserved 1048576K
}
Event: 14.108 GC heap before
{Heap before GC invocations=21 (full 0):
 garbage-first heap   total 61440K, used 50059K [0x0000000082e00000, 0x0000000100000000)
  region size 1024K, 23 young (23552K), 3 survivors (3072K)
 Metaspace       used 71121K, committed 71680K, reserved 1114112K
  class space    used 9588K, committed 9856K, reserved 1048576K
}
Event: 14.114 GC heap after
{Heap after GC invocations=22 (full 0):
 garbage-first heap   total 61440K, used 32053K [0x0000000082e00000, 0x0000000100000000)
  region size 1024K, 3 young (3072K), 3 survivors (3072K)
 Metaspace       used 71121K, committed 71680K, reserved 1114112K
  class space    used 9588K, committed 9856K, reserved 1048576K
}
Event: 27.548 GC heap before
{Heap before GC invocations=22 (full 0):
 garbage-first heap   total 61440K, used 48437K [0x0000000082e00000, 0x0000000100000000)
  region size 1024K, 20 young (20480K), 3 survivors (3072K)
 Metaspace       used 73856K, committed 74432K, reserved 1114112K
  class space    used 9874K, committed 10176K, reserved 1048576K
}
Event: 27.552 GC heap after
{Heap after GC invocations=23 (full 0):
 garbage-first heap   total 61440K, used 33411K [0x0000000082e00000, 0x0000000100000000)
  region size 1024K, 2 young (2048K), 2 survivors (2048K)
 Metaspace       used 73856K, committed 74432K, reserved 1114112K
  class space    used 9874K, committed 10176K, reserved 1048576K
}

