# JRE version: Java(TM) SE Runtime Environment (17.0.9+11) (build 17.0.9+11-LTS-201)
# Java VM: Java HotSpot(TM) 64-Bit Server VM (17.0.9+11-LTS-201, mixed mode, sharing, tiered, compressed oops, compressed class ptrs, g1 gc, windows-amd64)
GC Precious Log:
 CPUs: 8 total, 8 available
 Memory: 8000M
 Large Page Support: Disabled
 NUMA Support: Disabled
 Compressed Oops: Enabled (32-bit)
 Heap Region Size: 1M
 Heap Min Capacity: 8M
 Heap Initial Capacity: 126M
 Heap Max Capacity: 2002M
 Pre-touch: Disabled
 Parallel Workers: 8
 Concurrent Workers: 2
 Concurrent Refinement Workers: 8
 Periodic GC: Disabled
Heap:
 garbage-first heap   total 66560K, used 48128K [0x0000000082e00000, 0x0000000100000000)
  region size 1024K, 18 young (18432K), 2 survivors (2048K)
 Metaspace       used 75563K, committed 76224K, reserved 1179648K
  class space    used 9984K, committed 10304K, reserved 1048576K
GC Heap History (20 events):
Event: 5.387 GC heap before
{Heap before GC invocations=10 (full 0):
 garbage-first heap   total 55296K, used 40610K [0x0000000082e00000, 0x0000000100000000)
  region size 1024K, 23 young (23552K), 3 survivors (3072K)
 Metaspace       used 50376K, committed 50816K, reserved 1114112K
  class space    used 6589K, committed 6784K, reserved 1048576K
}
Event: 5.391 GC heap after
{Heap after GC invocations=11 (full 0):
 garbage-first heap   total 55296K, used 22566K [0x0000000082e00000, 0x0000000100000000)
  region size 1024K, 2 young (2048K), 2 survivors (2048K)
 Metaspace       used 50376K, committed 50816K, reserved 1114112K
  class space    used 6589K, committed 6784K, reserved 1048576K
}
Event: 5.787 GC heap before
{Heap before GC invocations=11 (full 0):
 garbage-first heap   total 55296K, used 42022K [0x0000000082e00000, 0x0000000100000000)
  region size 1024K, 21 young (21504K), 2 survivors (2048K)
 Metaspace       used 53661K, committed 54080K, reserved 1114112K
  class space    used 7165K, committed 7360K, reserved 1048576K
}
Event: 5.789 GC heap after
{Heap after GC invocations=12 (full 0):
 garbage-first heap   total 55296K, used 23049K [0x0000000082e00000, 0x0000000100000000)
  region size 1024K, 2 young (2048K), 2 survivors (2048K)
 Metaspace       used 53661K, committed 54080K, reserved 1114112K
  class space    used 7165K, committed 7360K, reserved 1048576K
}
Event: 6.205 GC heap before
{Heap before GC invocations=12 (full 0):
 garbage-first heap   total 55296K, used 42505K [0x0000000082e00000, 0x0000000100000000)
  region size 1024K, 21 young (21504K), 2 survivors (2048K)
 Metaspace       used 57748K, committed 58240K, reserved 1114112K
  class space    used 7720K, committed 8000K, reserved 1048576K
}
Event: 6.208 GC heap after
{Heap after GC invocations=13 (full 0):
 garbage-first heap   total 55296K, used 24641K [0x0000000082e00000, 0x0000000100000000)
  region size 1024K, 3 young (3072K), 3 survivors (3072K)
 Metaspace       used 57748K, committed 58240K, reserved 1114112K
  class space    used 7720K, committed 8000K, reserved 1048576K
}
Event: 6.409 GC heap before
{Heap before GC invocations=13 (full 0):
 garbage-first heap   total 55296K, used 31809K [0x0000000082e00000, 0x0000000100000000)
  region size 1024K, 12 young (12288K), 3 survivors (3072K)
 Metaspace       used 59614K, committed 60096K, reserved 1114112K
  class space    used 7958K, committed 8192K, reserved 1048576K
}
Event: 6.413 GC heap after
{Heap after GC invocations=14 (full 0):
 garbage-first heap   total 55296K, used 25368K [0x0000000082e00000, 0x0000000100000000)
  region size 1024K, 3 young (3072K), 3 survivors (3072K)
 Metaspace       used 59614K, committed 60096K, reserved 1114112K
  class space    used 7958K, committed 8192K, reserved 1048576K
}
Event: 6.618 GC heap before
{Heap before GC invocations=15 (full 0):
 garbage-first heap   total 55296K, used 41752K [0x0000000082e00000, 0x0000000100000000)
  region size 1024K, 19 young (19456K), 3 survivors (3072K)
 Metaspace       used 60188K, committed 60736K, reserved 1114112K
  class space    used 8098K, committed 8384K, reserved 1048576K
}
Event: 6.623 GC heap after
{Heap after GC invocations=16 (full 0):
 garbage-first heap   total 66560K, used 25847K [0x0000000082e00000, 0x0000000100000000)
  region size 1024K, 2 young (2048K), 2 survivors (2048K)
 Metaspace       used 60188K, committed 60736K, reserved 1114112K
  class space    used 8098K, committed 8384K, reserved 1048576K
}
Event: 6.850 GC heap before
{Heap before GC invocations=16 (full 0):
 garbage-first heap   total 66560K, used 51447K [0x0000000082e00000, 0x0000000100000000)
  region size 1024K, 27 young (27648K), 2 survivors (2048K)
 Metaspace       used 60944K, committed 61440K, reserved 1114112K
  class space    used 8207K, committed 8448K, reserved 1048576K
}
Event: 6.853 GC heap after
{Heap after GC invocations=17 (full 0):
 garbage-first heap   total 66560K, used 26489K [0x0000000082e00000, 0x0000000100000000)
  region size 1024K, 3 young (3072K), 3 survivors (3072K)
 Metaspace       used 60944K, committed 61440K, reserved 1114112K
  class space    used 8207K, committed 8448K, reserved 1048576K
}
Event: 7.177 GC heap before
{Heap before GC invocations=17 (full 0):
 garbage-first heap   total 66560K, used 52089K [0x0000000082e00000, 0x0000000100000000)
  region size 1024K, 28 young (28672K), 3 survivors (3072K)
 Metaspace       used 62182K, committed 62720K, reserved 1114112K
  class space    used 8361K, committed 8640K, reserved 1048576K
}
Event: 7.182 GC heap after
{Heap after GC invocations=18 (full 0):
 garbage-first heap   total 66560K, used 27748K [0x0000000082e00000, 0x0000000100000000)
  region size 1024K, 3 young (3072K), 3 survivors (3072K)
 Metaspace       used 62182K, committed 62720K, reserved 1114112K
  class space    used 8361K, committed 8640K, reserved 1048576K
}
Event: 11.633 GC heap before
{Heap before GC invocations=18 (full 0):
 garbage-first heap   total 66560K, used 52324K [0x0000000082e00000, 0x0000000100000000)
  region size 1024K, 27 young (27648K), 3 survivors (3072K)
 Metaspace       used 65214K, committed 65792K, reserved 1114112K
  class space    used 8757K, committed 9024K, reserved 1048576K
}
Event: 11.639 GC heap after
{Heap after GC invocations=19 (full 0):
 garbage-first heap   total 66560K, used 29653K [0x0000000082e00000, 0x0000000100000000)
  region size 1024K, 4 young (4096K), 4 survivors (4096K)
 Metaspace       used 65214K, committed 65792K, reserved 1114112K
  class space    used 8757K, committed 9024K, reserved 1048576K
}
Event: 12.220 GC heap before
{Heap before GC invocations=19 (full 0):
 garbage-first heap   total 66560K, used 51157K [0x0000000082e00000, 0x0000000100000000)
  region size 1024K, 26 young (26624K), 4 survivors (4096K)
 Metaspace       used 71008K, committed 71552K, reserved 1114112K
  class space    used 9568K, committed 9856K, reserved 1048576K
}
Event: 12.226 GC heap after
{Heap after GC invocations=20 (full 0):
 garbage-first heap   total 66560K, used 32013K [0x0000000082e00000, 0x0000000100000000)
  region size 1024K, 4 young (4096K), 4 survivors (4096K)
 Metaspace       used 71008K, committed 71552K, reserved 1114112K
  class space    used 9568K, committed 9856K, reserved 1048576K
}
Event: 30.985 GC heap before
{Heap before GC invocations=20 (full 0):
 garbage-first heap   total 66560K, used 52493K [0x0000000082e00000, 0x0000000100000000)
  region size 1024K, 24 young (24576K), 4 survivors (4096K)
 Metaspace       used 73946K, committed 74560K, reserved 1114112K
  class space    used 9866K, committed 10176K, reserved 1048576K
}
Event: 30.990 GC heap after
{Heap after GC invocations=21 (full 0):
 garbage-first heap   total 66560K, used 33792K [0x0000000082e00000, 0x0000000100000000)
  region size 1024K, 2 young (2048K), 2 survivors (2048K)
 Metaspace       used 73946K, committed 74560K, reserved 1114112K
  class space    used 9866K, committed 10176K, reserved 1048576K
}

