# JRE version: Java(TM) SE Runtime Environment (17.0.9+11) (build 17.0.9+11-LTS-201)
# Java VM: Java HotSpot(TM) 64-Bit Server VM (17.0.9+11-LTS-201, mixed mode, sharing, tiered, compressed oops, compressed class ptrs, g1 gc, windows-amd64)
GC Precious Log:
 CPUs: 8 total, 8 available
 Memory: 8000M
 Large Page Support: Disabled
 NUMA Support: Disabled
 Compressed Oops: Enabled (32-bit)
 Heap Region Size: 1M
 Heap Min Capacity: 8M
 Heap Initial Capacity: 126M
 Heap Max Capacity: 2002M
 Pre-touch: Disabled
 Parallel Workers: 8
 Concurrent Workers: 2
 Concurrent Refinement Workers: 8
 Periodic GC: Disabled
Heap:
 garbage-first heap   total 76800K, used 49710K [0x0000000082e00000, 0x0000000100000000)
  region size 1024K, 20 young (20480K), 2 survivors (2048K)
 Metaspace       used 75415K, committed 76096K, reserved 1179648K
  class space    used 9991K, committed 10304K, reserved 1048576K
GC Heap History (20 events):
Event: 5.942 GC heap before
{Heap before GC invocations=9 (full 0):
 garbage-first heap   total 63488K, used 45609K [0x0000000082e00000, 0x0000000100000000)
  region size 1024K, 30 young (30720K), 3 survivors (3072K)
 Metaspace       used 45463K, committed 45888K, reserved 1114112K
  class space    used 5904K, committed 6080K, reserved 1048576K
}
Event: 5.947 GC heap after
{Heap after GC invocations=10 (full 0):
 garbage-first heap   total 63488K, used 21658K [0x0000000082e00000, 0x0000000100000000)
  region size 1024K, 4 young (4096K), 4 survivors (4096K)
 Metaspace       used 45463K, committed 45888K, reserved 1114112K
  class space    used 5904K, committed 6080K, reserved 1048576K
}
Event: 6.500 GC heap before
{Heap before GC invocations=10 (full 0):
 garbage-first heap   total 63488K, used 46234K [0x0000000082e00000, 0x0000000100000000)
  region size 1024K, 29 young (29696K), 4 survivors (4096K)
 Metaspace       used 53180K, committed 53632K, reserved 1114112K
  class space    used 7117K, committed 7296K, reserved 1048576K
}
Event: 6.504 GC heap after
{Heap after GC invocations=11 (full 0):
 garbage-first heap   total 63488K, used 22887K [0x0000000082e00000, 0x0000000100000000)
  region size 1024K, 2 young (2048K), 2 survivors (2048K)
 Metaspace       used 53180K, committed 53632K, reserved 1114112K
  class space    used 7117K, committed 7296K, reserved 1048576K
}
Event: 7.203 GC heap before
{Heap before GC invocations=11 (full 0):
 garbage-first heap   total 63488K, used 46439K [0x0000000082e00000, 0x0000000100000000)
  region size 1024K, 26 young (26624K), 2 survivors (2048K)
 Metaspace       used 57392K, committed 57920K, reserved 1114112K
  class space    used 7702K, committed 8000K, reserved 1048576K
}
Event: 7.205 GC heap after
{Heap after GC invocations=12 (full 0):
 garbage-first heap   total 63488K, used 23785K [0x0000000082e00000, 0x0000000100000000)
  region size 1024K, 3 young (3072K), 3 survivors (3072K)
 Metaspace       used 57392K, committed 57920K, reserved 1114112K
  class space    used 7702K, committed 8000K, reserved 1048576K
}
Event: 7.582 GC heap before
{Heap before GC invocations=12 (full 0):
 garbage-first heap   total 63488K, used 35049K [0x0000000082e00000, 0x0000000100000000)
  region size 1024K, 15 young (15360K), 3 survivors (3072K)
 Metaspace       used 59629K, committed 60160K, reserved 1114112K
  class space    used 7959K, committed 8192K, reserved 1048576K
}
Event: 7.587 GC heap after
{Heap after GC invocations=13 (full 0):
 garbage-first heap   total 63488K, used 25072K [0x0000000082e00000, 0x0000000100000000)
  region size 1024K, 3 young (3072K), 3 survivors (3072K)
 Metaspace       used 59629K, committed 60160K, reserved 1114112K
  class space    used 7959K, committed 8192K, reserved 1048576K
}
Event: 7.911 GC heap before
{Heap before GC invocations=14 (full 0):
 garbage-first heap   total 63488K, used 47600K [0x0000000082e00000, 0x0000000100000000)
  region size 1024K, 25 young (25600K), 3 survivors (3072K)
 Metaspace       used 60775K, committed 61312K, reserved 1114112K
  class space    used 8201K, committed 8448K, reserved 1048576K
}
Event: 7.915 GC heap after
{Heap after GC invocations=15 (full 0):
 garbage-first heap   total 63488K, used 26084K [0x0000000082e00000, 0x0000000100000000)
  region size 1024K, 3 young (3072K), 3 survivors (3072K)
 Metaspace       used 60775K, committed 61312K, reserved 1114112K
  class space    used 8201K, committed 8448K, reserved 1048576K
}
Event: 8.017 GC heap before
{Heap before GC invocations=15 (full 0):
 garbage-first heap   total 63488K, used 48612K [0x0000000082e00000, 0x0000000100000000)
  region size 1024K, 25 young (25600K), 3 survivors (3072K)
 Metaspace       used 60975K, committed 61504K, reserved 1114112K
  class space    used 8214K, committed 8448K, reserved 1048576K
}
Event: 8.020 GC heap after
{Heap after GC invocations=16 (full 0):
 garbage-first heap   total 63488K, used 26333K [0x0000000082e00000, 0x0000000100000000)
  region size 1024K, 3 young (3072K), 3 survivors (3072K)
 Metaspace       used 60975K, committed 61504K, reserved 1114112K
  class space    used 8214K, committed 8448K, reserved 1048576K
}
Event: 8.313 GC heap before
{Heap before GC invocations=16 (full 0):
 garbage-first heap   total 63488K, used 48861K [0x0000000082e00000, 0x0000000100000000)
  region size 1024K, 25 young (25600K), 3 survivors (3072K)
 Metaspace       used 62224K, committed 62784K, reserved 1114112K
  class space    used 8368K, committed 8640K, reserved 1048576K
}
Event: 8.317 GC heap after
{Heap after GC invocations=17 (full 0):
 garbage-first heap   total 63488K, used 27599K [0x0000000082e00000, 0x0000000100000000)
  region size 1024K, 3 young (3072K), 3 survivors (3072K)
 Metaspace       used 62224K, committed 62784K, reserved 1114112K
  class space    used 8368K, committed 8640K, reserved 1048576K
}
Event: 10.531 GC heap before
{Heap before GC invocations=17 (full 0):
 garbage-first heap   total 63488K, used 50127K [0x0000000082e00000, 0x0000000100000000)
  region size 1024K, 25 young (25600K), 3 survivors (3072K)
 Metaspace       used 64820K, committed 65408K, reserved 1114112K
  class space    used 8711K, committed 9024K, reserved 1048576K
}
Event: 10.535 GC heap after
{Heap after GC invocations=18 (full 0):
 garbage-first heap   total 63488K, used 29444K [0x0000000082e00000, 0x0000000100000000)
  region size 1024K, 4 young (4096K), 4 survivors (4096K)
 Metaspace       used 64820K, committed 65408K, reserved 1114112K
  class space    used 8711K, committed 9024K, reserved 1048576K
}
Event: 11.065 GC heap before
{Heap before GC invocations=18 (full 0):
 garbage-first heap   total 63488K, used 48900K [0x0000000082e00000, 0x0000000100000000)
  region size 1024K, 24 young (24576K), 4 survivors (4096K)
 Metaspace       used 70076K, committed 70656K, reserved 1114112K
  class space    used 9466K, committed 9728K, reserved 1048576K
}
Event: 11.070 GC heap after
{Heap after GC invocations=19 (full 0):
 garbage-first heap   total 63488K, used 31856K [0x0000000082e00000, 0x0000000100000000)
  region size 1024K, 3 young (3072K), 3 survivors (3072K)
 Metaspace       used 70076K, committed 70656K, reserved 1114112K
  class space    used 9466K, committed 9728K, reserved 1048576K
}
Event: 24.239 GC heap before
{Heap before GC invocations=19 (full 0):
 garbage-first heap   total 63488K, used 49264K [0x0000000082e00000, 0x0000000100000000)
  region size 1024K, 21 young (21504K), 3 survivors (3072K)
 Metaspace       used 73602K, committed 74176K, reserved 1114112K
  class space    used 9844K, committed 10112K, reserved 1048576K
}
Event: 24.243 GC heap after
{Heap after GC invocations=20 (full 0):
 garbage-first heap   total 76800K, used 33326K [0x0000000082e00000, 0x0000000100000000)
  region size 1024K, 2 young (2048K), 2 survivors (2048K)
 Metaspace       used 73602K, committed 74176K, reserved 1114112K
  class space    used 9844K, committed 10112K, reserved 1048576K
}

